{"name": "Проверка успешного создания аккаунта", "status": "broken", "statusDetails": {"message": "selenium.common.exceptions.WebDriverException: Message: Service /root/.cache/selenium/chromedriver/linux64/138.0.7204.183/chromedriver unexpectedly exited. Status code was: 127", "trace": "@pytest.fixture(scope=\"function\")\n    def driver():\n        chrome_options = Options()\n        chrome_options.add_argument(\"--window-size=1920,1200\")\n        chrome_options.add_argument(\"--start-maximized\")\n>       driver = webdriver.Chrome(options=chrome_options)\n\nconftest.py:12: \n_ _ _ _ _ _ _ _ _ _ _ _ _ _ _ _ _ _ _ _ _ _ _ _ _ _ _ _ _ _ _ _ _ _ _ _ _ _ _ _ \n/usr/local/lib/python3.9/site-packages/selenium/webdriver/chrome/webdriver.py:47: in __init__\n    super().__init__(\n/usr/local/lib/python3.9/site-packages/selenium/webdriver/chromium/webdriver.py:58: in __init__\n    self.service.start()\n/usr/local/lib/python3.9/site-packages/selenium/webdriver/common/service.py:108: in start\n    self.assert_process_still_running()\n_ _ _ _ _ _ _ _ _ _ _ _ _ _ _ _ _ _ _ _ _ _ _ _ _ _ _ _ _ _ _ _ _ _ _ _ _ _ _ _ \n\nself = <selenium.webdriver.chrome.service.Service object at 0x7fdd8b082a00>\n\n    def assert_process_still_running(self) -> None:\n        \"\"\"Check if the underlying process is still running.\"\"\"\n        return_code = self.process.poll()\n        if return_code:\n>           raise WebDriverException(f\"Service {self._path} unexpectedly exited. Status code was: {return_code}\")\nE           selenium.common.exceptions.WebDriverException: Message: Service /root/.cache/selenium/chromedriver/linux64/138.0.7204.183/chromedriver unexpectedly exited. Status code was: 127\n\n/usr/local/lib/python3.9/site-packages/selenium/webdriver/common/service.py:121: WebDriverException"}, "description": "Тест проверяет возможность регистрации нового пользователя", "start": 1754390263936, "stop": 1754390263936, "uuid": "de1616a0-35fd-4c49-aaa4-0266646acec4", "historyId": "e7b4a18a6daca326f61b5c15d0075200", "testCaseId": "e7b4a18a6daca326f61b5c15d0075200", "fullName": "tests.test_creating_account.TestAccountRegistration#test_successful_account_creation", "labels": [{"name": "parentSuite", "value": "tests"}, {"name": "suite", "value": "test_creating_account"}, {"name": "subSuite", "value": "TestAccountRegistration"}, {"name": "host", "value": "30107b51a760"}, {"name": "thread", "value": "1-MainThread"}, {"name": "framework", "value": "pytest"}, {"name": "language", "value": "cpython3"}, {"name": "package", "value": "tests.test_creating_account"}], "titlePath": ["tests", "test_creating_account.py", "TestAccountRegistration"]}